
(1 行受影响)

(1 行受影响)

(1 行受影响)

(1 行受影响)

(1 行受影响)

(1 行受影响)

(1 行受影响)

(1 行受影响)

(1 行受影响)

(1 行受影响)

(1 行受影响)

(1 行受影响)

(1 行受影响)

(1 行受影响)

(1 行受影响)

(1 行受影响)

(1 行受影响)

(1 行受影响)

(1 行受影响)
trans_id    stock_id    date        price       amount      sell_or_buy
----------- ----------- ----------- ----------- ----------- -----------
1           1           1           10          1000        B
2           1           2           11          500         B
3           1           3           12          800         S
5           1           5           9           1000        B
6           1           6           12          800         S
7           1           7           7           800         S

(6 行受影响)

stock_id    volume      avg_price              profit
----------- ----------- ---------------------- -----------
1           100         -2.99999999999998      1200

(1 行受影响)

